MSG:[18:40:29 21.2.2019] --ping :michael
MSG:[18:40:29 21.2.2019] --sync_full=0 :michael
MSG:[18:40:29 21.2.2019] --replace=/run_rapid run_rapid.def parent  :michael
LOG:[18:40:29 21.2.2019]  queued: /run_rapid
LOG:[18:40:29 21.2.2019]  queued: /run_rapid/prep_task
LOG:[18:40:29 21.2.2019]  queued: /run_rapid/ens_member
LOG:[18:40:29 21.2.2019]  unknown: /
LOG:[18:40:29 21.2.2019]  queued: /
LOG:[18:40:29 21.2.2019]  submitted: /run_rapid/prep_task job_size:2035
LOG:[18:40:29 21.2.2019]  submitted: /run_rapid
LOG:[18:40:29 21.2.2019]  submitted: /
MSG:[18:40:29 21.2.2019] --restart :michael
MSG:[18:40:29 21.2.2019] --begin=run_rapid :michael
WAR:[18:40:29 21.2.2019] Suite run_rapid has already begun
MSG:[18:40:29 21.2.2019] chd:init /run_rapid/prep_task
LOG:[18:40:29 21.2.2019]  active: /run_rapid/prep_task
LOG:[18:40:29 21.2.2019]  active: /run_rapid
LOG:[18:40:29 21.2.2019]  active: /
MSG:[18:40:30 21.2.2019] chd:complete /run_rapid/prep_task
LOG:[18:40:30 21.2.2019]  complete: /run_rapid/prep_task
LOG:[18:40:30 21.2.2019]  queued: /run_rapid
LOG:[18:40:30 21.2.2019]  queued: /
LOG:[18:40:30 21.2.2019]  submitted: /run_rapid/ens_member job_size:1967
LOG:[18:40:30 21.2.2019]  submitted: /run_rapid
LOG:[18:40:30 21.2.2019]  submitted: /
MSG:[18:40:30 21.2.2019] chd:init /run_rapid/ens_member
LOG:[18:40:30 21.2.2019]  active: /run_rapid/ens_member
LOG:[18:40:30 21.2.2019]  active: /run_rapid
LOG:[18:40:30 21.2.2019]  active: /
MSG:[18:40:35 21.2.2019] chd:complete /run_rapid/ens_member
LOG:[18:40:35 21.2.2019]  complete: /run_rapid/ens_member
LOG:[18:40:35 21.2.2019]  complete: /run_rapid
LOG:[18:40:35 21.2.2019]  complete: /
MSG:[18:40:45 21.2.2019] svr:check_pt in 0 seconds
MSG:[18:40:54 21.2.2019] --ping :michael
MSG:[18:40:54 21.2.2019] --sync_full=0 :michael
MSG:[18:40:54 21.2.2019] --replace=/run_rapid run_rapid.def parent  :michael
LOG:[18:40:54 21.2.2019]  queued: /run_rapid
LOG:[18:40:54 21.2.2019]  queued: /run_rapid/prep_task
LOG:[18:40:54 21.2.2019]  queued: /run_rapid/ens_member
LOG:[18:40:54 21.2.2019]  unknown: /
LOG:[18:40:54 21.2.2019]  queued: /
LOG:[18:40:54 21.2.2019]  submitted: /run_rapid/prep_task job_size:2035
LOG:[18:40:54 21.2.2019]  submitted: /run_rapid
LOG:[18:40:54 21.2.2019]  submitted: /
MSG:[18:40:54 21.2.2019] --restart :michael
MSG:[18:40:54 21.2.2019] --begin=run_rapid :michael
WAR:[18:40:54 21.2.2019] Suite run_rapid has already begun
MSG:[18:40:54 21.2.2019] chd:init /run_rapid/prep_task
LOG:[18:40:54 21.2.2019]  active: /run_rapid/prep_task
LOG:[18:40:54 21.2.2019]  active: /run_rapid
LOG:[18:40:54 21.2.2019]  active: /
MSG:[18:40:54 21.2.2019] chd:complete /run_rapid/prep_task
LOG:[18:40:54 21.2.2019]  complete: /run_rapid/prep_task
LOG:[18:40:54 21.2.2019]  queued: /run_rapid
LOG:[18:40:54 21.2.2019]  queued: /
LOG:[18:40:54 21.2.2019]  submitted: /run_rapid/ens_member job_size:1967
LOG:[18:40:54 21.2.2019]  submitted: /run_rapid
LOG:[18:40:54 21.2.2019]  submitted: /
MSG:[18:40:55 21.2.2019] chd:init /run_rapid/ens_member
LOG:[18:40:55 21.2.2019]  active: /run_rapid/ens_member
LOG:[18:40:55 21.2.2019]  active: /run_rapid
LOG:[18:40:55 21.2.2019]  active: /
MSG:[18:40:59 21.2.2019] chd:complete /run_rapid/ens_member
LOG:[18:40:59 21.2.2019]  complete: /run_rapid/ens_member
LOG:[18:40:59 21.2.2019]  complete: /run_rapid
LOG:[18:40:59 21.2.2019]  complete: /
MSG:[18:41:17 21.2.2019] --news=0 808 108  :michael [server(882,116) : *Large* scale changes :NEWS]
MSG:[18:41:17 21.2.2019] --sync=0 808 108  :michael
MSG:[18:42:17 21.2.2019] --news=0 882 116  :michael [:NO_NEWS]
MSG:[18:42:45 21.2.2019] svr:check_pt in 0 seconds
MSG:[18:43:18 21.2.2019] --news=0 882 116  :michael [:NO_NEWS]
MSG:[18:44:20 21.2.2019] --news=0 882 116  :michael [:NO_NEWS]
MSG:[18:45:23 21.2.2019] --news=0 882 116  :michael [:NO_NEWS]
MSG:[18:46:27 21.2.2019] --news=0 882 116  :michael [:NO_NEWS]
MSG:[18:47:32 21.2.2019] --news=0 882 116  :michael [:NO_NEWS]
MSG:[18:48:38 21.2.2019] --news=0 882 116  :michael [:NO_NEWS]
MSG:[18:49:46 21.2.2019] --news=0 882 116  :michael [:NO_NEWS]
MSG:[18:50:57 21.2.2019] --news=0 882 116  :michael [:NO_NEWS]
MSG:[18:52:12 21.2.2019] --news=0 882 116  :michael [:NO_NEWS]
MSG:[18:53:32 21.2.2019] --news=0 882 116  :michael [:NO_NEWS]
MSG:[18:54:59 21.2.2019] --news=0 882 116  :michael [:NO_NEWS]
MSG:[18:56:36 21.2.2019] --news=0 882 116  :michael [:NO_NEWS]
MSG:[18:58:27 21.2.2019] --news=0 882 116  :michael [:NO_NEWS]
MSG:[19:00:38 21.2.2019] --news=0 882 116  :michael [:NO_NEWS]
MSG:[19:03:17 21.2.2019] --news=0 882 116  :michael [:NO_NEWS]
MSG:[19:06:35 21.2.2019] --news=0 882 116  :michael [:NO_NEWS]
MSG:[19:10:48 21.2.2019] --news=0 882 116  :michael [:NO_NEWS]
MSG:[19:16:18 21.2.2019] --news=0 882 116  :michael [:NO_NEWS]
MSG:[19:23:35 21.2.2019] --news=0 882 116  :michael [:NO_NEWS]
MSG:[19:33:22 21.2.2019] --news=0 882 116  :michael [:NO_NEWS]
MSG:[19:46:39 21.2.2019] --news=0 882 116  :michael [:NO_NEWS]
MSG:[20:04:50 21.2.2019] --news=0 882 116  :michael [:NO_NEWS]
MSG:[20:29:53 21.2.2019] --news=0 882 116  :michael [:NO_NEWS]
MSG:[20:44:36 21.2.2019] Ecflow version(4.12.0) boost(1.53.0) compiler(gcc 7.3.0) protocol(TEXT_ARCHIVE) Compiled on Feb  7 2019 13:19:19
MSG:[20:44:36 21.2.2019] Started at 2019-Feb-21 20:44:36 universal time
MSG:[20:44:36 21.2.2019] Host(uvm)  Port(2500) using TCP/IP v4
MSG:[20:44:36 21.2.2019] ECF_HOME /home/michael/host_share/rapid_run/ecflow
MSG:[20:44:36 21.2.2019] Job scheduling interval: 60
MSG:[20:44:36 21.2.2019] Server initial state is HALTED
MSG:[20:44:36 21.2.2019] Loading check point file /home/michael/host_share/rapid_run/ecflow/uvm.2500.check port = 2500
MSG:[20:44:36 21.2.2019] Loading of *DEFS* check point file SUCCEDED. Loaded 1 suites
MSG:[20:44:41 21.2.2019] --restart :michael
MSG:[20:44:50 21.2.2019] --stats :michael
MSG:[20:46:41 21.2.2019] svr:check_pt in 0 seconds
MSG:[21:12:45 21.2.2019] Ecflow version(4.12.0) boost(1.53.0) compiler(gcc 7.3.0) protocol(TEXT_ARCHIVE) Compiled on Feb  7 2019 13:19:19
MSG:[21:12:45 21.2.2019] Started at 2019-Feb-21 21:12:45 universal time
MSG:[21:12:45 21.2.2019] Host(uvm)  Port(2500) using TCP/IP v4
MSG:[21:12:45 21.2.2019] ECF_HOME /home/michael/host_share/rapid_run/ecflow
MSG:[21:12:45 21.2.2019] Job scheduling interval: 60
MSG:[21:12:45 21.2.2019] Server initial state is HALTED
MSG:[21:12:45 21.2.2019] Loading check point file /home/michael/host_share/rapid_run/ecflow/uvm.2500.check port = 2500
MSG:[21:12:45 21.2.2019] Loading of *DEFS* check point file SUCCEDED. Loaded 1 suites
MSG:[21:12:50 21.2.2019] --restart :michael
MSG:[21:13:03 21.2.2019] --stats :michael
MSG:[21:14:50 21.2.2019] svr:check_pt in 0 seconds
